{"level":"error","message":"something wrong SUCCESS is not defined","stack":"ReferenceError: SUCCESS is not defined\n    at Object.login (/home/hlink/Desktop/Daily Tasks/Basic & Node/user_auth_rest_api v3/api/modules/v1/user_model_test/user_model.js:61:63)\n    at processTicksAndRejections (internal/process/task_queues.js:95:5)","timestamp":"2022-12-13T09:11:11.602Z"}
{"level":"error","timestamp":"2022-12-13T11:25:19.639Z"}
{"level":"error","message":"The email field is required.","timestamp":"2022-12-14T04:55:11.055Z"}
{"level":"error","message":"The name field is required.","timestamp":"2022-12-14T05:12:12.966Z"}
{"level":"error","timestamp":"2022-12-14T05:39:19.585Z"}
{"level":"error","timestamp":"2022-12-14T05:51:12.810Z"}
{"level":"error","timestamp":"2022-12-14T05:51:12.843Z"}
{"level":"error","timestamp":"2022-12-14T05:54:45.545Z"}
{"level":"error","timestamp":"2022-12-14T05:54:45.593Z"}
{"level":"error","timestamp":"2022-12-14T05:57:40.917Z"}
{"level":"error","timestamp":"2022-12-14T06:02:52.765Z"}
{"level":"error","timestamp":"2022-12-14T06:02:52.804Z"}
{"level":"error","timestamp":"2022-12-14T06:04:02.576Z"}
{"level":"error","timestamp":"2022-12-14T06:23:22.347Z"}
{"level":"error","timestamp":"2022-12-14T06:24:44.239Z"}
{"level":"error","timestamp":"2022-12-14T06:32:18.647Z"}
{"level":"error","timestamp":"2022-12-14T06:33:51.811Z"}
{"level":"error","timestamp":"2022-12-14T06:42:08.635Z"}
{"level":"error","timestamp":"2022-12-14T06:42:42.826Z"}
{"level":"error","timestamp":"2022-12-14T06:43:14.305Z"}
{"level":"error","timestamp":"2022-12-14T06:43:38.138Z"}
{"level":"error","timestamp":"2022-12-14T06:45:07.240Z"}
{"level":"error","timestamp":"2022-12-14T06:46:18.156Z"}
{"level":"error","timestamp":"2022-12-14T06:47:08.240Z"}
{"level":"error","timestamp":"2022-12-14T06:48:28.674Z"}
{"level":"error","timestamp":"2022-12-14T06:50:21.882Z"}
{"level":"error","timestamp":"2022-12-14T06:50:52.270Z"}
{"level":"error","timestamp":"2022-12-14T06:53:20.230Z"}
{"level":"error","timestamp":"2022-12-14T06:57:57.129Z"}
{"level":"error","timestamp":"2022-12-14T07:20:51.345Z"}
{"level":"error","timestamp":"2023-08-08T06:55:38.205Z"}
{"level":"error","timestamp":"2023-08-08T07:26:27.935Z"}
{"level":"error","timestamp":"2023-08-08T09:46:08.560Z"}
{"level":"error","timestamp":"2023-08-08T09:49:47.741Z"}
{"level":"error","timestamp":"2023-08-08T09:52:37.428Z"}
{"level":"error","timestamp":"2023-08-08T09:53:52.664Z"}
{"level":"error","timestamp":"2023-08-08T10:03:36.888Z"}
{"level":"error","message":"The first name field is required.","timestamp":"2023-08-08T10:04:48.401Z"}
{"level":"error","message":"The first name field is required.","timestamp":"2023-08-08T10:08:57.643Z"}
{"level":"error","message":"The first name field is required.","timestamp":"2023-08-08T10:10:08.910Z"}
{"level":"error","message":"The first name field is required.","timestamp":"2023-08-08T10:10:19.379Z"}
{"level":"error","message":"The first name field is required.","timestamp":"2023-08-08T10:10:24.169Z"}
{"level":"error","message":"The first name field is required.","timestamp":"2023-08-08T10:11:27.290Z"}
{"level":"error","message":"The first name field is required.","timestamp":"2023-08-08T10:11:32.328Z"}
{"level":"error","message":"The first name field is required.","timestamp":"2023-08-08T10:14:07.719Z"}
{"level":"error","message":"The first name field is required.","timestamp":"2023-08-08T10:14:11.195Z"}
{"code":"ERR_OSSL_WRONG_FINAL_BLOCK_LENGTH","level":"error","library":"Provider routines","reason":"wrong final block length","timestamp":"2023-08-08T10:14:16.109Z"}
{"level":"error","message":"The first name field is required.","timestamp":"2023-08-08T10:15:04.476Z"}
{"level":"error","message":"The first name field is required.","timestamp":"2023-08-08T10:22:55.407Z"}
{"code":"ER_BAD_FIELD_ERROR","errno":1054,"level":"error","message":"Error: Unknown column 'is_deleted' in 'where clause'\n    at PromisePool.query (C:\\xampp\\htdocs\\piyushproject\\user_auth_rest_api v4\\api\\node_modules\\mysql2\\promise.js:341:22)\n    at Object.checkUniqueEmail (C:\\xampp\\htdocs\\piyushproject\\user_auth_rest_api v4\\api\\config\\common.js:156:49)\n    at Object.register (C:\\xampp\\htdocs\\piyushproject\\user_auth_rest_api v4\\api\\modules\\v1\\models\\user_model.js:13:51)\n    at exports.register (C:\\xampp\\htdocs\\piyushproject\\user_auth_rest_api v4\\api\\modules\\v1\\controller\\user_controllers.js:22:27)\n    at process.processTicksAndRejections (node:internal/process/task_queues:95:5)","sql":"SELECT * FROM tbl_user WHERE email = 'hi@gmail.com' AND is_deleted = 0 AND is_active = 1 ","sqlMessage":"Unknown column 'is_deleted' in 'where clause'","sqlState":"42S22","timestamp":"2023-08-08T10:23:24.632Z"}
{"code":"ER_BAD_FIELD_ERROR","errno":1054,"level":"error","message":"Error: Unknown column 'is_deleted' in 'where clause'\n    at PromisePool.query (C:\\xampp\\htdocs\\piyushproject\\user_auth_rest_api v4\\api\\node_modules\\mysql2\\promise.js:341:22)\n    at Object.checkUniqueEmail (C:\\xampp\\htdocs\\piyushproject\\user_auth_rest_api v4\\api\\config\\common.js:156:49)\n    at Object.register (C:\\xampp\\htdocs\\piyushproject\\user_auth_rest_api v4\\api\\modules\\v1\\models\\user_model.js:13:51)\n    at exports.register (C:\\xampp\\htdocs\\piyushproject\\user_auth_rest_api v4\\api\\modules\\v1\\controller\\user_controllers.js:22:27)\n    at process.processTicksAndRejections (node:internal/process/task_queues:95:5)","sql":"SELECT * FROM tbl_user WHERE email = 'hello@gmail.com' AND is_deleted = 0 AND is_active = 1 ","sqlMessage":"Unknown column 'is_deleted' in 'where clause'","sqlState":"42S22","timestamp":"2023-08-08T10:23:59.813Z"}
{"code":"ER_BAD_FIELD_ERROR","errno":1054,"level":"error","message":"Error: Unknown column 'is_deleted' in 'where clause'\n    at PromisePool.query (C:\\xampp\\htdocs\\piyushproject\\user_auth_rest_api v4\\api\\node_modules\\mysql2\\promise.js:341:22)\n    at Object.checkUniqueEmail (C:\\xampp\\htdocs\\piyushproject\\user_auth_rest_api v4\\api\\config\\common.js:156:49)\n    at Object.register (C:\\xampp\\htdocs\\piyushproject\\user_auth_rest_api v4\\api\\modules\\v1\\models\\user_model.js:13:51)\n    at exports.register (C:\\xampp\\htdocs\\piyushproject\\user_auth_rest_api v4\\api\\modules\\v1\\controller\\user_controllers.js:22:27)\n    at process.processTicksAndRejections (node:internal/process/task_queues:95:5)","sql":"SELECT * FROM tbl_user WHERE email = 'hello@gmail.com' AND is_deleted = 0 AND is_active = 1 ","sqlMessage":"Unknown column 'is_deleted' in 'where clause'","sqlState":"42S22","timestamp":"2023-08-08T10:24:35.491Z"}
{"code":"ER_BAD_FIELD_ERROR","errno":1054,"level":"error","message":"Error: Unknown column 'is_deleted' in 'where clause'\n    at PromisePool.query (C:\\xampp\\htdocs\\piyushproject\\user_auth_rest_api v4\\api\\node_modules\\mysql2\\promise.js:341:22)\n    at Object.checkUniqueEmail (C:\\xampp\\htdocs\\piyushproject\\user_auth_rest_api v4\\api\\config\\common.js:156:49)\n    at Object.register (C:\\xampp\\htdocs\\piyushproject\\user_auth_rest_api v4\\api\\modules\\v1\\models\\user_model.js:13:51)\n    at exports.register (C:\\xampp\\htdocs\\piyushproject\\user_auth_rest_api v4\\api\\modules\\v1\\controller\\user_controllers.js:23:27)\n    at process.processTicksAndRejections (node:internal/process/task_queues:95:5)","sql":"SELECT * FROM tbl_user WHERE email = 'hello@gmail.com' AND is_deleted = 0 AND is_active = 1 ","sqlMessage":"Unknown column 'is_deleted' in 'where clause'","sqlState":"42S22","timestamp":"2023-08-08T10:25:27.107Z"}
{"code":"ER_BAD_FIELD_ERROR","errno":1054,"level":"error","message":"Error: Unknown column 'is_deleted' in 'where clause'\n    at PromisePool.query (C:\\xampp\\htdocs\\piyushproject\\user_auth_rest_api v4\\api\\node_modules\\mysql2\\promise.js:341:22)\n    at Object.checkUniqueEmail (C:\\xampp\\htdocs\\piyushproject\\user_auth_rest_api v4\\api\\config\\common.js:156:49)\n    at Object.register (C:\\xampp\\htdocs\\piyushproject\\user_auth_rest_api v4\\api\\modules\\v1\\models\\user_model.js:13:51)\n    at exports.register (C:\\xampp\\htdocs\\piyushproject\\user_auth_rest_api v4\\api\\modules\\v1\\controller\\user_controllers.js:23:27)\n    at process.processTicksAndRejections (node:internal/process/task_queues:95:5)","sql":"SELECT * FROM tbl_user WHERE email = 'hello@gmail.com' AND is_deleted = 0 AND is_active = 1 ","sqlMessage":"Unknown column 'is_deleted' in 'where clause'","sqlState":"42S22","timestamp":"2023-08-08T10:26:26.115Z"}
{"code":"ER_BAD_FIELD_ERROR","errno":1054,"level":"error","message":"Error: Unknown column 'is_deleted' in 'where clause'\n    at PromisePool.query (C:\\xampp\\htdocs\\piyushproject\\user_auth_rest_api v4\\api\\node_modules\\mysql2\\promise.js:341:22)\n    at Object.checkUniqueEmail (C:\\xampp\\htdocs\\piyushproject\\user_auth_rest_api v4\\api\\config\\common.js:156:49)\n    at Object.register (C:\\xampp\\htdocs\\piyushproject\\user_auth_rest_api v4\\api\\modules\\v1\\models\\user_model.js:13:51)\n    at exports.register (C:\\xampp\\htdocs\\piyushproject\\user_auth_rest_api v4\\api\\modules\\v1\\controller\\user_controllers.js:23:27)\n    at process.processTicksAndRejections (node:internal/process/task_queues:95:5)","sql":"SELECT * FROM tbl_user WHERE email = 'hello@gmail.com' AND is_deleted = 0 AND is_active = 1 ","sqlMessage":"Unknown column 'is_deleted' in 'where clause'","sqlState":"42S22","timestamp":"2023-08-08T10:26:41.945Z"}
{"code":"ER_BAD_FIELD_ERROR","errno":1054,"level":"error","message":"Error: Unknown column 'is_deleted' in 'where clause'\n    at PromisePool.query (C:\\xampp\\htdocs\\piyushproject\\user_auth_rest_api v4\\api\\node_modules\\mysql2\\promise.js:341:22)\n    at Object.checkUniqueEmail (C:\\xampp\\htdocs\\piyushproject\\user_auth_rest_api v4\\api\\config\\common.js:156:49)\n    at Object.register (C:\\xampp\\htdocs\\piyushproject\\user_auth_rest_api v4\\api\\modules\\v1\\models\\user_model.js:14:51)\n    at exports.register (C:\\xampp\\htdocs\\piyushproject\\user_auth_rest_api v4\\api\\modules\\v1\\controller\\user_controllers.js:23:27)\n    at process.processTicksAndRejections (node:internal/process/task_queues:95:5)","sql":"SELECT * FROM tbl_user WHERE email = 'hello@gmail.com' AND is_deleted = 0 AND is_active = 1 ","sqlMessage":"Unknown column 'is_deleted' in 'where clause'","sqlState":"42S22","timestamp":"2023-08-08T10:27:27.680Z"}
{"code":"ER_NO_SUCH_TABLE","errno":1146,"level":"error","message":"Error: Table 'winter_dew.tbl_user_device' doesn't exist\n    at PromisePool.query (C:\\xampp\\htdocs\\piyushproject\\user_auth_rest_api v4\\api\\node_modules\\mysql2\\promise.js:341:22)\n    at Object.checkDeviceInfo (C:\\xampp\\htdocs\\piyushproject\\user_auth_rest_api v4\\api\\config\\common.js:133:49)\n    at Object.register (C:\\xampp\\htdocs\\piyushproject\\user_auth_rest_api v4\\api\\modules\\v1\\models\\user_model.js:35:56)\n    at process.processTicksAndRejections (node:internal/process/task_queues:95:5)","sql":"SELECT * FROM tbl_user_device WHERE user_id = 3","sqlMessage":"Table 'winter_dew.tbl_user_device' doesn't exist","sqlState":"42S02","timestamp":"2023-08-08T10:28:37.554Z"}
{"level":"error","timestamp":"2023-08-08T10:28:37.561Z"}
{"code":"ER_NO_SUCH_TABLE","errno":1146,"level":"error","message":"Error: Table 'winter_dew.tbl_user_device' doesn't exist\n    at PromisePool.query (C:\\xampp\\htdocs\\piyushproject\\user_auth_rest_api v4\\api\\node_modules\\mysql2\\promise.js:341:22)\n    at Object.checkDeviceInfo (C:\\xampp\\htdocs\\piyushproject\\user_auth_rest_api v4\\api\\config\\common.js:133:49)\n    at Object.register (C:\\xampp\\htdocs\\piyushproject\\user_auth_rest_api v4\\api\\modules\\v1\\models\\user_model.js:35:56)\n    at process.processTicksAndRejections (node:internal/process/task_queues:95:5)","sql":"SELECT * FROM tbl_user_device WHERE user_id = 4","sqlMessage":"Table 'winter_dew.tbl_user_device' doesn't exist","sqlState":"42S02","timestamp":"2023-08-08T10:30:02.539Z"}
{"level":"error","timestamp":"2023-08-08T10:30:02.543Z"}
{"code":"ER_NO_SUCH_TABLE","errno":1146,"level":"error","message":"Error: Table 'winter_dew.tbl_user_device' doesn't exist\n    at PromisePool.query (C:\\xampp\\htdocs\\piyushproject\\user_auth_rest_api v4\\api\\node_modules\\mysql2\\promise.js:341:22)\n    at Object.checkDeviceInfo (C:\\xampp\\htdocs\\piyushproject\\user_auth_rest_api v4\\api\\config\\common.js:133:49)\n    at Object.register (C:\\xampp\\htdocs\\piyushproject\\user_auth_rest_api v4\\api\\modules\\v1\\models\\user_model.js:36:56)\n    at process.processTicksAndRejections (node:internal/process/task_queues:95:5)","sql":"SELECT * FROM tbl_user_device WHERE user_id = 5","sqlMessage":"Table 'winter_dew.tbl_user_device' doesn't exist","sqlState":"42S02","timestamp":"2023-08-08T10:30:45.228Z"}
{"level":"error","timestamp":"2023-08-08T10:30:45.230Z"}
{"code":"ER_BAD_NULL_ERROR","errno":1048,"level":"error","message":"Error: Column 'device_token' cannot be null\n    at PromisePool.query (C:\\xampp\\htdocs\\piyushproject\\user_auth_rest_api v4\\api\\node_modules\\mysql2\\promise.js:341:22)\n    at Object.checkDeviceInfo (C:\\xampp\\htdocs\\piyushproject\\user_auth_rest_api v4\\api\\config\\common.js:143:53)\n    at process.processTicksAndRejections (node:internal/process/task_queues:95:5)\n    at async Object.register (C:\\xampp\\htdocs\\piyushproject\\user_auth_rest_api v4\\api\\modules\\v1\\models\\user_model.js:35:43)","sql":"INSERT INTO tbl_user_device SET `token` = 'y2mmss9mdljc9gaz5f5zdhp43s5g62wkpdn3oml86jjrt3hhu4pe2c7uzersys9l', `user_id` = 6, `device_type` = '', `device_token` = NULL","sqlMessage":"Column 'device_token' cannot be null","sqlState":"23000","timestamp":"2023-08-08T10:37:29.811Z"}
{"level":"error","timestamp":"2023-08-08T10:37:29.814Z"}
{"code":"ER_BAD_NULL_ERROR","errno":1048,"level":"error","message":"Error: Column 'device_token' cannot be null\n    at PromisePool.query (C:\\xampp\\htdocs\\piyushproject\\user_auth_rest_api v4\\api\\node_modules\\mysql2\\promise.js:341:22)\n    at Object.checkDeviceInfo (C:\\xampp\\htdocs\\piyushproject\\user_auth_rest_api v4\\api\\config\\common.js:143:53)\n    at process.processTicksAndRejections (node:internal/process/task_queues:95:5)\n    at async Object.register (C:\\xampp\\htdocs\\piyushproject\\user_auth_rest_api v4\\api\\modules\\v1\\models\\user_model.js:35:43)","sql":"INSERT INTO tbl_user_device SET `token` = 'yoxynamp2npjf8t47at362ootb2h97l565sxulbuklchdd808tptenk3y5rh5was', `user_id` = 7, `device_type` = '', `device_token` = NULL","sqlMessage":"Column 'device_token' cannot be null","sqlState":"23000","timestamp":"2023-08-08T10:39:21.809Z"}
{"level":"error","timestamp":"2023-08-08T10:39:21.812Z"}
{"code":"ER_BAD_NULL_ERROR","errno":1048,"level":"error","message":"Error: Column 'device_token' cannot be null\n    at PromisePool.query (C:\\xampp\\htdocs\\piyushproject\\user_auth_rest_api v4\\api\\node_modules\\mysql2\\promise.js:341:22)\n    at Object.checkDeviceInfo (C:\\xampp\\htdocs\\piyushproject\\user_auth_rest_api v4\\api\\config\\common.js:143:53)\n    at process.processTicksAndRejections (node:internal/process/task_queues:95:5)\n    at async Object.register (C:\\xampp\\htdocs\\piyushproject\\user_auth_rest_api v4\\api\\modules\\v1\\models\\user_model.js:35:43)","sql":"INSERT INTO tbl_user_device SET `token` = '123456', `user_id` = 8, `device_type` = '', `device_token` = NULL","sqlMessage":"Column 'device_token' cannot be null","sqlState":"23000","timestamp":"2023-08-08T10:40:48.225Z"}
{"level":"error","timestamp":"2023-08-08T10:40:48.229Z"}
{"level":"error","message":"The email field is required.","timestamp":"2023-08-08T10:52:45.824Z"}
{"code":"ER_BAD_FIELD_ERROR","errno":1054,"level":"error","message":"Error: Unknown column 'is_online' in 'field list'\n    at PromisePool.query (C:\\xampp\\htdocs\\piyushproject\\user_auth_rest_api v4\\api\\node_modules\\mysql2\\promise.js:341:22)\n    at Object.updateUserDetails (C:\\xampp\\htdocs\\piyushproject\\user_auth_rest_api v4\\api\\modules\\v1\\models\\user_model.js:179:49)\n    at Object.login (C:\\xampp\\htdocs\\piyushproject\\user_auth_rest_api v4\\api\\modules\\v1\\models\\user_model.js:68:60)\n    at process.processTicksAndRejections (node:internal/process/task_queues:95:5)","sql":"UPDATE tbl_user SET `is_online` = '1', `last_login` = '2023-08-08 16:31:58' WHERE id = 2 ","sqlMessage":"Unknown column 'is_online' in 'field list'","sqlState":"42S22","timestamp":"2023-08-08T11:01:58.911Z"}
{"level":"error","timestamp":"2023-08-08T11:01:58.913Z"}
{"code":"ER_BAD_FIELD_ERROR","errno":1054,"level":"error","message":"Error: Unknown column 'is_online' in 'field list'\n    at PromisePool.query (C:\\xampp\\htdocs\\piyushproject\\user_auth_rest_api v4\\api\\node_modules\\mysql2\\promise.js:341:22)\n    at Object.updateUserDetails (C:\\xampp\\htdocs\\piyushproject\\user_auth_rest_api v4\\api\\modules\\v1\\models\\user_model.js:179:49)\n    at Object.login (C:\\xampp\\htdocs\\piyushproject\\user_auth_rest_api v4\\api\\modules\\v1\\models\\user_model.js:68:60)\n    at process.processTicksAndRejections (node:internal/process/task_queues:95:5)","sql":"UPDATE tbl_user SET `is_online` = '1', `last_login` = '2023-08-08 16:34:18' WHERE id = 2 ","sqlMessage":"Unknown column 'is_online' in 'field list'","sqlState":"42S22","timestamp":"2023-08-08T11:04:18.548Z"}
{"level":"error","timestamp":"2023-08-08T11:04:18.551Z"}
{"code":"ER_BAD_FIELD_ERROR","errno":1054,"level":"error","message":"Error: Unknown column 'is_online' in 'field list'\n    at PromisePool.query (C:\\xampp\\htdocs\\piyushproject\\user_auth_rest_api v4\\api\\node_modules\\mysql2\\promise.js:341:22)\n    at Object.updateUserDetails (C:\\xampp\\htdocs\\piyushproject\\user_auth_rest_api v4\\api\\modules\\v1\\models\\user_model.js:179:49)\n    at Object.login (C:\\xampp\\htdocs\\piyushproject\\user_auth_rest_api v4\\api\\modules\\v1\\models\\user_model.js:68:60)\n    at process.processTicksAndRejections (node:internal/process/task_queues:95:5)","sql":"UPDATE tbl_user SET `is_online` = '1', `last_login` = '2023-08-08 16:34:37' WHERE id = 2 ","sqlMessage":"Unknown column 'is_online' in 'field list'","sqlState":"42S22","timestamp":"2023-08-08T11:04:37.720Z"}
{"level":"error","timestamp":"2023-08-08T11:04:37.723Z"}
{"code":"ER_BAD_FIELD_ERROR","errno":1054,"level":"error","message":"Error: Unknown column 'is_online' in 'field list'\n    at PromisePool.query (C:\\xampp\\htdocs\\piyushproject\\user_auth_rest_api v4\\api\\node_modules\\mysql2\\promise.js:341:22)\n    at Object.updateUserDetails (C:\\xampp\\htdocs\\piyushproject\\user_auth_rest_api v4\\api\\modules\\v1\\models\\user_model.js:179:49)\n    at Object.login (C:\\xampp\\htdocs\\piyushproject\\user_auth_rest_api v4\\api\\modules\\v1\\models\\user_model.js:68:60)\n    at process.processTicksAndRejections (node:internal/process/task_queues:95:5)","sql":"UPDATE tbl_user SET `is_online` = '1', `last_login` = '2023-08-08 16:35:02' WHERE id = 2 ","sqlMessage":"Unknown column 'is_online' in 'field list'","sqlState":"42S22","timestamp":"2023-08-08T11:05:02.647Z"}
{"level":"error","timestamp":"2023-08-08T11:05:02.650Z"}
{"code":"ER_BAD_FIELD_ERROR","errno":1054,"level":"error","message":"Error: Unknown column 'is_online' in 'field list'\n    at PromisePool.query (C:\\xampp\\htdocs\\piyushproject\\user_auth_rest_api v4\\api\\node_modules\\mysql2\\promise.js:341:22)\n    at Object.updateUserDetails (C:\\xampp\\htdocs\\piyushproject\\user_auth_rest_api v4\\api\\modules\\v1\\models\\user_model.js:179:49)\n    at Object.login (C:\\xampp\\htdocs\\piyushproject\\user_auth_rest_api v4\\api\\modules\\v1\\models\\user_model.js:68:60)\n    at process.processTicksAndRejections (node:internal/process/task_queues:95:5)","sql":"UPDATE tbl_user SET `is_online` = '1', `last_login` = '2023-08-08 16:35:14' WHERE id = 2 ","sqlMessage":"Unknown column 'is_online' in 'field list'","sqlState":"42S22","timestamp":"2023-08-08T11:05:14.560Z"}
{"level":"error","timestamp":"2023-08-08T11:05:14.562Z"}
{"code":"ER_BAD_FIELD_ERROR","errno":1054,"level":"error","message":"Error: Unknown column 'is_online' in 'field list'\n    at PromisePool.query (C:\\xampp\\htdocs\\piyushproject\\user_auth_rest_api v4\\api\\node_modules\\mysql2\\promise.js:341:22)\n    at Object.updateUserDetails (C:\\xampp\\htdocs\\piyushproject\\user_auth_rest_api v4\\api\\modules\\v1\\models\\user_model.js:178:49)\n    at Object.login (C:\\xampp\\htdocs\\piyushproject\\user_auth_rest_api v4\\api\\modules\\v1\\models\\user_model.js:68:60)\n    at process.processTicksAndRejections (node:internal/process/task_queues:95:5)","sql":"UPDATE tbl_user SET `is_online` = '1', `last_login` = '2023-08-08 17:16:39' WHERE id = 2 ","sqlMessage":"Unknown column 'is_online' in 'field list'","sqlState":"42S22","timestamp":"2023-08-08T11:46:39.167Z"}
{"level":"error","timestamp":"2023-08-08T11:46:39.172Z"}
{"code":"ER_BAD_FIELD_ERROR","errno":1054,"level":"error","message":"Error: Unknown column 'is_online' in 'field list'\n    at PromisePool.query (C:\\xampp\\htdocs\\piyushproject\\user_auth_rest_api v4\\api\\node_modules\\mysql2\\promise.js:341:22)\n    at Object.updateUserDetails (C:\\xampp\\htdocs\\piyushproject\\user_auth_rest_api v4\\api\\modules\\v1\\models\\user_model.js:179:49)\n    at Object.login (C:\\xampp\\htdocs\\piyushproject\\user_auth_rest_api v4\\api\\modules\\v1\\models\\user_model.js:69:60)\n    at process.processTicksAndRejections (node:internal/process/task_queues:95:5)","sql":"UPDATE tbl_user SET `is_online` = '1', `last_login` = '2023-08-08 17:17:26' WHERE id = 2 ","sqlMessage":"Unknown column 'is_online' in 'field list'","sqlState":"42S22","timestamp":"2023-08-08T11:47:26.244Z"}
{"level":"error","timestamp":"2023-08-08T11:47:26.245Z"}
{"code":"ER_PARSE_ERROR","errno":1064,"level":"error","message":"Error: You have an error in your SQL syntax; check the manual that corresponds to your MariaDB server version for the right syntax to use near 'WHERE id = 1' at line 1\n    at PromisePool.query (C:\\xampp\\htdocs\\piyushproject\\user_auth_rest_api v4\\api\\node_modules\\mysql2\\promise.js:341:22)\n    at Object.updateUserDetails (C:\\xampp\\htdocs\\piyushproject\\user_auth_rest_api v4\\api\\modules\\v1\\models\\user_model.js:177:49)\n    at Object.logout (C:\\xampp\\htdocs\\piyushproject\\user_auth_rest_api v4\\api\\modules\\v1\\models\\user_model.js:96:48)\n    at exports.logout (C:\\xampp\\htdocs\\piyushproject\\user_auth_rest_api v4\\api\\modules\\v1\\controller\\user_controllers.js:50:23)\n    at Layer.handle [as handle_request] (C:\\xampp\\htdocs\\piyushproject\\user_auth_rest_api v4\\api\\node_modules\\express\\lib\\router\\layer.js:95:5)\n    at next (C:\\xampp\\htdocs\\piyushproject\\user_auth_rest_api v4\\api\\node_modules\\express\\lib\\router\\route.js:144:13)\n    at Route.dispatch (C:\\xampp\\htdocs\\piyushproject\\user_auth_rest_api v4\\api\\node_modules\\express\\lib\\router\\route.js:114:3)\n    at Layer.handle [as handle_request] (C:\\xampp\\htdocs\\piyushproject\\user_auth_rest_api v4\\api\\node_modules\\express\\lib\\router\\layer.js:95:5)\n    at C:\\xampp\\htdocs\\piyushproject\\user_auth_rest_api v4\\api\\node_modules\\express\\lib\\router\\index.js:284:15\n    at Function.process_params (C:\\xampp\\htdocs\\piyushproject\\user_auth_rest_api v4\\api\\node_modules\\express\\lib\\router\\index.js:346:12)","sql":"UPDATE tbl_user SET  WHERE id = 1 ","sqlMessage":"You have an error in your SQL syntax; check the manual that corresponds to your MariaDB server version for the right syntax to use near 'WHERE id = 1' at line 1","sqlState":"42000","timestamp":"2023-08-08T12:12:34.878Z"}
{"level":"error","timestamp":"2023-08-08T12:12:34.879Z"}
{"level":"error","timestamp":"2023-08-09T05:24:31.927Z"}
{"code":"ER_NO_SUCH_TABLE","errno":1146,"level":"error","message":"Error: Table 'winter_dew.tbl_user_verification' doesn't exist\n    at PromisePool.query (C:\\xampp\\htdocs\\piyushproject\\user_auth_rest_api v4\\api\\node_modules\\mysql2\\promise.js:341:22)\n    at Object.forgotPassword (C:\\xampp\\htdocs\\piyushproject\\user_auth_rest_api v4\\api\\modules\\v1\\models\\user_model.js:135:53)\n    at process.processTicksAndRejections (node:internal/process/task_queues:95:5)","sql":"SELECT * FROM tbl_user_verification where email = 'hi@mailinator.com' ","sqlMessage":"Table 'winter_dew.tbl_user_verification' doesn't exist","sqlState":"42S02","timestamp":"2023-08-09T05:33:16.222Z"}
{"code":"ER_NO_SUCH_TABLE","errno":1146,"level":"error","message":"Error: Table 'winter_dew.tbl_user_verification' doesn't exist\n    at PromisePool.query (C:\\xampp\\htdocs\\piyushproject\\user_auth_rest_api v4\\api\\node_modules\\mysql2\\promise.js:341:22)\n    at Object.forgotPassword (C:\\xampp\\htdocs\\piyushproject\\user_auth_rest_api v4\\api\\modules\\v1\\models\\user_model.js:135:53)\n    at process.processTicksAndRejections (node:internal/process/task_queues:95:5)","sql":"SELECT * FROM tbl_user_verification where email = 'hi@mailinator.com' ","sqlMessage":"Table 'winter_dew.tbl_user_verification' doesn't exist","sqlState":"42S02","timestamp":"2023-08-09T05:33:43.236Z"}
{"code":"EAUTH","command":"AUTH PLAIN","level":"error","response":"535-5.7.8 Username and Password not accepted. Learn more at\n535 5.7.8  https://support.google.com/mail/?p=BadCredentials j4-20020a17090a734400b002680dfd368dsm494356pjs.51 - gsmtp","responseCode":535,"timestamp":"2023-08-09T05:40:57.311Z"}
{"code":"EAUTH","command":"AUTH PLAIN","level":"error","response":"535-5.7.8 Username and Password not accepted. Learn more at\n535 5.7.8  https://support.google.com/mail/?p=BadCredentials fe11-20020a056a002f0b00b00682a99b01basm9051262pfb.0 - gsmtp","responseCode":535,"timestamp":"2023-08-09T05:42:06.217Z"}
{"code":"EAUTH","command":"AUTH PLAIN","level":"error","response":"535-5.7.8 Username and Password not accepted. Learn more at\n535 5.7.8  https://support.google.com/mail/?p=BadCredentials n14-20020a17090a2bce00b0026966277962sm514233pje.44 - gsmtp","responseCode":535,"timestamp":"2023-08-09T05:43:25.094Z"}
{"code":"EAUTH","command":"AUTH PLAIN","level":"error","response":"535-5.7.8 Username and Password not accepted. Learn more at\n535 5.7.8  https://support.google.com/mail/?p=BadCredentials z7-20020a170903018700b001b54d064a4bsm9990023plg.259 - gsmtp","responseCode":535,"timestamp":"2023-08-09T05:44:14.990Z"}
{"code":"EAUTH","command":"AUTH PLAIN","level":"error","response":"535-5.7.8 Username and Password not accepted. Learn more at\n535 5.7.8  https://support.google.com/mail/?p=BadCredentials jf21-20020a170903269500b001b03842ab78sm10045469plb.89 - gsmtp","responseCode":535,"timestamp":"2023-08-09T05:44:48.936Z"}
{"code":"EAUTH","command":"AUTH PLAIN","level":"error","response":"535-5.7.8 Username and Password not accepted. Learn more at\n535 5.7.8  https://support.google.com/mail/?p=BadCredentials c8-20020a170903234800b001a6a6169d45sm10048689plh.168 - gsmtp","responseCode":535,"timestamp":"2023-08-09T05:45:47.955Z"}
{"code":"EAUTH","command":"AUTH PLAIN","level":"error","response":"535-5.7.8 Username and Password not accepted. Learn more at\n535 5.7.8  https://support.google.com/mail/?p=BadCredentials m5-20020a170902db8500b001b694140d96sm10073214pld.170 - gsmtp","responseCode":535,"timestamp":"2023-08-09T05:46:59.816Z"}
{"code":"EAUTH","command":"AUTH PLAIN","level":"error","response":"535-5.7.8 Username and Password not accepted. Learn more at\n535 5.7.8  https://support.google.com/mail/?p=BadCredentials 23-20020a17090a005700b00268b9862343sm574792pjb.24 - gsmtp","responseCode":535,"timestamp":"2023-08-09T05:49:45.674Z"}
{"code":"EAUTH","command":"AUTH PLAIN","level":"error","response":"535-5.7.8 Username and Password not accepted. Learn more at\n535 5.7.8  https://support.google.com/mail/?p=BadCredentials x4-20020aa784c4000000b006827c26f147sm9068253pfn.138 - gsmtp","responseCode":535,"timestamp":"2023-08-09T05:51:32.445Z"}
{"code":"EAUTH","command":"AUTH PLAIN","level":"error","response":"535-5.7.8 Username and Password not accepted. Learn more at\n535 5.7.8  https://support.google.com/mail/?p=BadCredentials mj10-20020a17090b368a00b00268320ab9f2sm545955pjb.6 - gsmtp","responseCode":535,"timestamp":"2023-08-09T05:51:53.677Z"}
{"code":"EAUTH","command":"AUTH PLAIN","level":"error","response":"535-5.7.8 Username and Password not accepted. Learn more at\n535 5.7.8  https://support.google.com/mail/?p=BadCredentials g6-20020a1709026b4600b001bb7a736b46sm10109363plt.104 - gsmtp","responseCode":535,"timestamp":"2023-08-09T05:56:40.826Z"}
{"level":"error","message":"The email field is required.","timestamp":"2023-08-09T06:09:12.996Z"}
{"level":"error","timestamp":"2023-08-09T09:58:30.880Z"}
{"level":"error","message":"The front id proof field is required.","timestamp":"2023-08-10T07:03:33.280Z"}
{"code":"ER_BAD_FIELD_ERROR","errno":1054,"level":"error","message":"Error: Unknown column 'otp' in 'where clause'\n    at PromisePool.query (C:\\xampp\\htdocs\\piyushproject\\user_auth_rest_api v4\\api\\node_modules\\mysql2\\promise.js:341:22)\n    at Object.verify_user_otp (C:\\xampp\\htdocs\\piyushproject\\user_auth_rest_api v4\\api\\modules\\v1\\models\\user_model.js:306:49)\n    at exports.verify_user_otp (C:\\xampp\\htdocs\\piyushproject\\user_auth_rest_api v4\\api\\modules\\v1\\controller\\user_controllers.js:133:27)\n    at process.processTicksAndRejections (node:internal/process/task_queues:95:5)","sql":"SELECT * FROM tbl_user WHERE email = 'hi@mailinator.com' AND otp = '1070' ","sqlMessage":"Unknown column 'otp' in 'where clause'","sqlState":"42S22","timestamp":"2023-08-10T07:45:53.669Z"}
{"code":"ER_BAD_FIELD_ERROR","errno":1054,"level":"error","message":"Error: Unknown column 'otp' in 'where clause'\n    at PromisePool.query (C:\\xampp\\htdocs\\piyushproject\\user_auth_rest_api v4\\api\\node_modules\\mysql2\\promise.js:341:22)\n    at Object.verify_user_otp (C:\\xampp\\htdocs\\piyushproject\\user_auth_rest_api v4\\api\\modules\\v1\\models\\user_model.js:305:49)\n    at exports.verify_user_otp (C:\\xampp\\htdocs\\piyushproject\\user_auth_rest_api v4\\api\\modules\\v1\\controller\\user_controllers.js:133:27)\n    at process.processTicksAndRejections (node:internal/process/task_queues:95:5)","sql":"SELECT * FROM tbl_user WHERE email = 'hi@mailinator.com' AND otp = '1070' ","sqlMessage":"Unknown column 'otp' in 'where clause'","sqlState":"42S22","timestamp":"2023-08-10T07:47:32.832Z"}
{"code":"ER_BAD_FIELD_ERROR","errno":1054,"level":"error","message":"Error: Unknown column 'otp' in 'where clause'\n    at PromisePool.query (C:\\xampp\\htdocs\\piyushproject\\user_auth_rest_api v4\\api\\node_modules\\mysql2\\promise.js:341:22)\n    at Object.verify_user_otp (C:\\xampp\\htdocs\\piyushproject\\user_auth_rest_api v4\\api\\modules\\v1\\models\\user_model.js:305:49)\n    at exports.verify_user_otp (C:\\xampp\\htdocs\\piyushproject\\user_auth_rest_api v4\\api\\modules\\v1\\controller\\user_controllers.js:133:27)\n    at process.processTicksAndRejections (node:internal/process/task_queues:95:5)","sql":"SELECT * FROM tbl_user WHERE email = 'hi@mailinator.com' AND otp = '1070' ","sqlMessage":"Unknown column 'otp' in 'where clause'","sqlState":"42S22","timestamp":"2023-08-10T07:48:40.174Z"}
{"code":"ER_BAD_FIELD_ERROR","errno":1054,"level":"error","message":"Error: Unknown column 'otp' in 'where clause'\n    at PromisePool.query (C:\\xampp\\htdocs\\piyushproject\\user_auth_rest_api v4\\api\\node_modules\\mysql2\\promise.js:341:22)\n    at Object.verify_user_otp (C:\\xampp\\htdocs\\piyushproject\\user_auth_rest_api v4\\api\\modules\\v1\\models\\user_model.js:305:49)\n    at exports.verify_user_otp (C:\\xampp\\htdocs\\piyushproject\\user_auth_rest_api v4\\api\\modules\\v1\\controller\\user_controllers.js:133:27)\n    at process.processTicksAndRejections (node:internal/process/task_queues:95:5)","sql":"SELECT * FROM tbl_user WHERE email = 'hi@mailinator.com' AND otp = '1070' ","sqlMessage":"Unknown column 'otp' in 'where clause'","sqlState":"42S22","timestamp":"2023-08-10T07:48:59.031Z"}
{"code":"ER_BAD_FIELD_ERROR","errno":1054,"level":"error","message":"Error: Unknown column 'otp' in 'where clause'\n    at PromisePool.query (C:\\xampp\\htdocs\\piyushproject\\user_auth_rest_api v4\\api\\node_modules\\mysql2\\promise.js:341:22)\n    at Object.verify_user_otp (C:\\xampp\\htdocs\\piyushproject\\user_auth_rest_api v4\\api\\modules\\v1\\models\\user_model.js:306:49)\n    at exports.verify_user_otp (C:\\xampp\\htdocs\\piyushproject\\user_auth_rest_api v4\\api\\modules\\v1\\controller\\user_controllers.js:133:27)\n    at process.processTicksAndRejections (node:internal/process/task_queues:95:5)","sql":"SELECT * FROM tbl_user WHERE email = 'hi@mailinator.com' AND otp = '1070' ","sqlMessage":"Unknown column 'otp' in 'where clause'","sqlState":"42S22","timestamp":"2023-08-10T07:49:16.756Z"}
{"level":"error","timestamp":"2023-08-10T08:59:39.787Z"}
{"code":"ER_BAD_FIELD_ERROR","errno":1054,"level":"error","message":"Error: Unknown column 'user_id' in 'where clause'\n    at PromisePool.query (C:\\xampp\\htdocs\\piyushproject\\user_auth_rest_api v4\\api\\node_modules\\mysql2\\promise.js:341:22)\n    at Object.login (C:\\xampp\\htdocs\\piyushproject\\user_auth_rest_api v4\\api\\modules\\v1\\models\\user_model.js:127:67)\n    at process.processTicksAndRejections (node:internal/process/task_queues:95:5)","sql":"UPDATE tbl_user SET otp_code = 9941 WHERE user_id = 4","sqlMessage":"Unknown column 'user_id' in 'where clause'","sqlState":"42S22","timestamp":"2023-08-10T09:00:26.356Z"}
{"level":"error","timestamp":"2023-08-10T10:40:02.640Z"}
{"level":"error","message":"The email field is required.","timestamp":"2023-08-10T10:41:03.621Z"}
{"level":"error","message":"The email field is required.","timestamp":"2023-08-10T10:43:48.392Z"}
{"level":"error","message":"The email field is required.","timestamp":"2023-08-10T10:47:36.832Z"}
{"level":"error","message":"The email field is required.","timestamp":"2023-08-11T05:00:13.895Z"}
{"level":"error","timestamp":"2023-10-31T05:30:08.580Z"}
{"level":"error","timestamp":"2023-10-31T05:45:06.854Z"}
{"level":"error","timestamp":"2023-11-09T07:07:08.752Z"}
{"level":"error","message":"The comments field is required.","timestamp":"2023-11-09T10:39:55.597Z"}
{"code":"ER_PARSE_ERROR","errno":1064,"level":"error","message":"Error: You have an error in your SQL syntax; check the manual that corresponds to your MariaDB server version for the right syntax to use near '?' at line 1\n    at PromisePool.query (C:\\xampp\\htdocs\\Laravel_training\\gym\\api\\node_modules\\mysql2\\promise.js:341:22)\n    at Object.contact_us (C:\\xampp\\htdocs\\Laravel_training\\gym\\api\\modules\\v1\\models\\home_model.js:35:51)\n    at exports.contact_us (C:\\xampp\\htdocs\\Laravel_training\\gym\\api\\modules\\v1\\controller\\home_controllers.js:22:27)\n    at process.processTicksAndRejections (node:internal/process/task_queues:95:5)","sql":"INSERT INTO tbl_post_comment SET ?","sqlMessage":"You have an error in your SQL syntax; check the manual that corresponds to your MariaDB server version for the right syntax to use near '?' at line 1","sqlState":"42000","timestamp":"2023-11-09T10:42:59.601Z"}
{"code":"ER_NO_SUCH_TABLE","errno":1146,"level":"error","message":"Error: Table 'gym.tbl_post_comment' doesn't exist\n    at PromisePool.query (C:\\xampp\\htdocs\\Laravel_training\\gym\\api\\node_modules\\mysql2\\promise.js:341:22)\n    at Object.contact_us (C:\\xampp\\htdocs\\Laravel_training\\gym\\api\\modules\\v1\\models\\home_model.js:35:51)\n    at exports.contact_us (C:\\xampp\\htdocs\\Laravel_training\\gym\\api\\modules\\v1\\controller\\home_controllers.js:22:27)\n    at process.processTicksAndRejections (node:internal/process/task_queues:95:5)","sql":"INSERT INTO tbl_post_comment SET `first_name` = 'Garrison', `last_name` = 'Wilkins', `email` = 'papud@mailinator.com', `comment` = 'Voluptas voluptate s'","sqlMessage":"Table 'gym.tbl_post_comment' doesn't exist","sqlState":"42S02","timestamp":"2023-11-09T10:43:23.104Z"}
{"code":"ER_BAD_FIELD_ERROR","errno":1054,"level":"error","message":"Error: Unknown column 'first_name' in 'field list'\n    at PromisePool.query (C:\\xampp\\htdocs\\Laravel_training\\gym\\api\\node_modules\\mysql2\\promise.js:341:22)\n    at Object.contact_us (C:\\xampp\\htdocs\\Laravel_training\\gym\\api\\modules\\v1\\models\\home_model.js:35:51)\n    at exports.contact_us (C:\\xampp\\htdocs\\Laravel_training\\gym\\api\\modules\\v1\\controller\\home_controllers.js:22:27)\n    at process.processTicksAndRejections (node:internal/process/task_queues:95:5)","sql":"INSERT INTO tbl_contact_us SET `first_name` = 'Garrison', `last_name` = 'Wilkins', `email` = 'papud@mailinator.com', `comment` = 'Voluptas voluptate s'","sqlMessage":"Unknown column 'first_name' in 'field list'","sqlState":"42S22","timestamp":"2023-11-09T10:43:40.847Z"}
{"level":"error","timestamp":"2023-11-09T10:51:02.158Z"}
{"level":"error","timestamp":"2023-11-09T10:51:13.516Z"}
{"code":"ER_BAD_FIELD_ERROR","errno":1054,"level":"error","message":"Error: Unknown column 'first_name' in 'field list'\n    at PromisePool.query (C:\\xampp\\htdocs\\Laravel_training\\gym\\api\\node_modules\\mysql2\\promise.js:341:22)\n    at Object.contact_us (C:\\xampp\\htdocs\\Laravel_training\\gym\\api\\modules\\v1\\models\\home_model.js:35:48)\n    at exports.contact_us (C:\\xampp\\htdocs\\Laravel_training\\gym\\api\\modules\\v1\\controller\\home_controllers.js:22:27)\n    at process.processTicksAndRejections (node:internal/process/task_queues:95:5)","sql":"INSERT INTO tbl_contact_us SET `first_name` = 'Kai', `last_name` = 'Murray', `email` = 'qogameqit@mailinator.com', `comment` = 'Ipsa provident vol'","sqlMessage":"Unknown column 'first_name' in 'field list'","sqlState":"42S22","timestamp":"2023-11-09T12:28:25.695Z"}
{"level":"error","message":"The email must be a valid email address.","timestamp":"2023-11-21T06:20:37.439Z"}
{"level":"error","message":"The height field is required.","timestamp":"2023-11-27T13:03:59.838Z"}
{"level":"error","message":"The weight field is required.","timestamp":"2023-11-27T13:04:11.044Z"}
{"level":"error","message":"The age field is required.","timestamp":"2023-11-27T13:04:17.385Z"}
{"level":"error","message":"The age must be a valid email address.","timestamp":"2023-11-27T13:04:22.763Z"}
{"level":"error","message":"The gender field is required.","timestamp":"2023-11-27T13:05:13.795Z"}
{"level":"error","message":"The height must be at least 15.","timestamp":"2023-11-27T13:05:28.288Z"}
{"level":"error","message":"The gender field is required.","timestamp":"2023-11-27T13:06:17.769Z"}
{"level":"error","message":"The name field is required.","timestamp":"2023-11-28T12:10:31.890Z"}
{"level":"error","message":"The name field is required.","timestamp":"2023-11-28T12:15:26.346Z"}
{"level":"error","message":"The name field is required.","timestamp":"2023-11-28T12:15:42.189Z"}
{"level":"error","message":"The name field is required.","timestamp":"2023-11-28T12:15:54.741Z"}
{"level":"error","message":"The name field is required.","timestamp":"2023-11-28T12:16:26.784Z"}
{"level":"error","message":"The name field is required.","timestamp":"2023-11-28T12:17:10.551Z"}
{"level":"error","message":"The event name must be a number.","timestamp":"2023-11-28T12:17:56.177Z"}
{"code":"ER_BAD_FIELD_ERROR","errno":1054,"level":"error","message":"Error: Unknown column 'name' in 'field list'\n    at PromisePool.query (C:\\xampp\\htdocs\\Laravel_training\\gym\\api\\node_modules\\mysql2\\promise.js:341:22)\n    at Object.add_event_calendar (C:\\xampp\\htdocs\\Laravel_training\\gym\\api\\modules\\v1\\models\\home_model.js:124:51)\n    at exports.add_event_calendar (C:\\xampp\\htdocs\\Laravel_training\\gym\\api\\modules\\v1\\controller\\home_controllers.js:70:27)\n    at process.processTicksAndRejections (node:internal/process/task_queues:95:5)","sql":"INSERT INTO tbl_contact_us SET `name` = 'aszx', `event_start` = '2023-12-06 00:00:00', `event_end` = '2023-12-07 00:00:00'","sqlMessage":"Unknown column 'name' in 'field list'","sqlState":"42S22","timestamp":"2023-11-28T12:18:17.972Z"}
{"code":"ER_PARSE_ERROR","errno":1064,"level":"error","message":"Error: You have an error in your SQL syntax; check the manual that corresponds to your MariaDB server version for the right syntax to use near 'SET `name` = 's', `event_start` = '2023-11-29 00:00:00', `event_end` = '2023-...' at line 1\n    at PromisePool.query (C:\\xampp\\htdocs\\Laravel_training\\gym\\api\\node_modules\\mysql2\\promise.js:341:22)\n    at Object.add_event_calendar (C:\\xampp\\htdocs\\Laravel_training\\gym\\api\\modules\\v1\\models\\home_model.js:123:47)\n    at exports.add_event_calendar (C:\\xampp\\htdocs\\Laravel_training\\gym\\api\\modules\\v1\\controller\\home_controllers.js:69:27)\n    at process.processTicksAndRejections (node:internal/process/task_queues:95:5)","sql":"SELECT * FROM tbl_event_calendar WHERE SET `name` = 's', `event_start` = '2023-11-29 00:00:00', `event_end` = '2023-11-30 00:00:00'","sqlMessage":"You have an error in your SQL syntax; check the manual that corresponds to your MariaDB server version for the right syntax to use near 'SET `name` = 's', `event_start` = '2023-11-29 00:00:00', `event_end` = '2023-...' at line 1","sqlState":"42000","timestamp":"2023-11-28T12:50:51.905Z"}
{"code":"ER_PARSE_ERROR","errno":1064,"level":"error","message":"Error: You have an error in your SQL syntax; check the manual that corresponds to your MariaDB server version for the right syntax to use near 'WHERE tbl_event_calendar WHERE SET `name` = 'asz', `event_start` = '2023-11-2...' at line 1\n    at PromisePool.query (C:\\xampp\\htdocs\\Laravel_training\\gym\\api\\node_modules\\mysql2\\promise.js:341:22)\n    at Object.add_event_calendar (C:\\xampp\\htdocs\\Laravel_training\\gym\\api\\modules\\v1\\models\\home_model.js:123:47)\n    at exports.add_event_calendar (C:\\xampp\\htdocs\\Laravel_training\\gym\\api\\modules\\v1\\controller\\home_controllers.js:69:27)\n    at process.processTicksAndRejections (node:internal/process/task_queues:95:5)","sql":"SELECT * FROM WHERE tbl_event_calendar WHERE SET `name` = 'asz', `event_start` = '2023-11-29 00:00:00', `event_end` = '2023-11-30 00:00:00'","sqlMessage":"You have an error in your SQL syntax; check the manual that corresponds to your MariaDB server version for the right syntax to use near 'WHERE tbl_event_calendar WHERE SET `name` = 'asz', `event_start` = '2023-11-2...' at line 1","sqlState":"42000","timestamp":"2023-11-28T12:51:12.321Z"}
{"code":"ER_PARSE_ERROR","errno":1064,"level":"error","message":"Error: You have an error in your SQL syntax; check the manual that corresponds to your MariaDB server version for the right syntax to use near 'WHERE tbl_event_calendar WHERE `name` = 'AZx', `event_start` = '2023-11-29 00...' at line 1\n    at PromisePool.query (C:\\xampp\\htdocs\\Laravel_training\\gym\\api\\node_modules\\mysql2\\promise.js:341:22)\n    at Object.add_event_calendar (C:\\xampp\\htdocs\\Laravel_training\\gym\\api\\modules\\v1\\models\\home_model.js:123:47)\n    at exports.add_event_calendar (C:\\xampp\\htdocs\\Laravel_training\\gym\\api\\modules\\v1\\controller\\home_controllers.js:69:27)\n    at process.processTicksAndRejections (node:internal/process/task_queues:95:5)","sql":"SELECT * FROM WHERE tbl_event_calendar WHERE `name` = 'AZx', `event_start` = '2023-11-29 00:00:00', `event_end` = '2023-11-30 00:00:00'","sqlMessage":"You have an error in your SQL syntax; check the manual that corresponds to your MariaDB server version for the right syntax to use near 'WHERE tbl_event_calendar WHERE `name` = 'AZx', `event_start` = '2023-11-29 00...' at line 1","sqlState":"42000","timestamp":"2023-11-28T12:51:30.642Z"}
{"code":"ER_PARSE_ERROR","errno":1064,"level":"error","message":"Error: You have an error in your SQL syntax; check the manual that corresponds to your MariaDB server version for the right syntax to use near 'WHERE tbl_event_calendar name = 'asd'' at line 1\n    at PromisePool.query (C:\\xampp\\htdocs\\Laravel_training\\gym\\api\\node_modules\\mysql2\\promise.js:341:22)\n    at Object.add_event_calendar (C:\\xampp\\htdocs\\Laravel_training\\gym\\api\\modules\\v1\\models\\home_model.js:123:47)\n    at exports.add_event_calendar (C:\\xampp\\htdocs\\Laravel_training\\gym\\api\\modules\\v1\\controller\\home_controllers.js:69:27)\n    at process.processTicksAndRejections (node:internal/process/task_queues:95:5)","sql":"SELECT * FROM WHERE tbl_event_calendar name = 'asd'","sqlMessage":"You have an error in your SQL syntax; check the manual that corresponds to your MariaDB server version for the right syntax to use near 'WHERE tbl_event_calendar name = 'asd'' at line 1","sqlState":"42000","timestamp":"2023-11-28T12:53:02.163Z"}
{"code":"ER_PARSE_ERROR","errno":1064,"level":"error","message":"Error: You have an error in your SQL syntax; check the manual that corresponds to your MariaDB server version for the right syntax to use near 'WHERE tbl_event_calendar name = 'sz'' at line 1\n    at PromisePool.query (C:\\xampp\\htdocs\\Laravel_training\\gym\\api\\node_modules\\mysql2\\promise.js:341:22)\n    at Object.add_event_calendar (C:\\xampp\\htdocs\\Laravel_training\\gym\\api\\modules\\v1\\models\\home_model.js:123:47)\n    at exports.add_event_calendar (C:\\xampp\\htdocs\\Laravel_training\\gym\\api\\modules\\v1\\controller\\home_controllers.js:69:27)\n    at process.processTicksAndRejections (node:internal/process/task_queues:95:5)","sql":"SELECT * FROM WHERE tbl_event_calendar name = 'sz'","sqlMessage":"You have an error in your SQL syntax; check the manual that corresponds to your MariaDB server version for the right syntax to use near 'WHERE tbl_event_calendar name = 'sz'' at line 1","sqlState":"42000","timestamp":"2023-11-28T12:55:02.450Z"}
{"code":"ER_BAD_NULL_ERROR","errno":1048,"level":"error","message":"Error: Column 'event_id' cannot be null\n    at PromisePool.query (C:\\xampp\\htdocs\\Laravel_training\\gym\\api\\node_modules\\mysql2\\promise.js:341:22)\n    at Object.add_event_calendar (C:\\xampp\\htdocs\\Laravel_training\\gym\\api\\modules\\v1\\models\\home_model.js:130:51)\n    at process.processTicksAndRejections (node:internal/process/task_queues:95:5)","sql":"INSERT INTO tbl_event_calendar SET `event_id` = NULL, `name` = 'sdx', `event_start` = '2023-11-08 00:00:00', `event_end` = '2023-11-09 00:00:00'","sqlMessage":"Column 'event_id' cannot be null","sqlState":"23000","timestamp":"2023-11-29T06:39:41.767Z"}
{"code":"ER_BAD_NULL_ERROR","errno":1048,"level":"error","message":"Error: Column 'event_id' cannot be null\n    at PromisePool.query (C:\\xampp\\htdocs\\Laravel_training\\gym\\api\\node_modules\\mysql2\\promise.js:341:22)\n    at Object.add_event_calendar (C:\\xampp\\htdocs\\Laravel_training\\gym\\api\\modules\\v1\\models\\home_model.js:130:51)\n    at process.processTicksAndRejections (node:internal/process/task_queues:95:5)","sql":"INSERT INTO tbl_event_calendar SET `event_id` = NULL, `name` = 'dxf', `event_start` = '2023-11-08 00:00:00', `event_end` = '2023-11-09 00:00:00'","sqlMessage":"Column 'event_id' cannot be null","sqlState":"23000","timestamp":"2023-11-29T06:39:49.421Z"}
{"code":"ER_BAD_NULL_ERROR","errno":1048,"level":"error","message":"Error: Column 'event_id' cannot be null\n    at PromisePool.query (C:\\xampp\\htdocs\\Laravel_training\\gym\\api\\node_modules\\mysql2\\promise.js:341:22)\n    at Object.add_event_calendar (C:\\xampp\\htdocs\\Laravel_training\\gym\\api\\modules\\v1\\models\\home_model.js:130:51)\n    at process.processTicksAndRejections (node:internal/process/task_queues:95:5)","sql":"INSERT INTO tbl_event_calendar SET `event_id` = NULL, `name` = 'fvg', `event_start` = '2023-11-07 00:00:00', `event_end` = '2023-11-08 00:00:00'","sqlMessage":"Column 'event_id' cannot be null","sqlState":"23000","timestamp":"2023-11-29T06:39:51.765Z"}
{"code":"ER_BAD_NULL_ERROR","errno":1048,"level":"error","message":"Error: Column 'event_id' cannot be null\n    at PromisePool.query (C:\\xampp\\htdocs\\Laravel_training\\gym\\api\\node_modules\\mysql2\\promise.js:341:22)\n    at Object.add_event_calendar (C:\\xampp\\htdocs\\Laravel_training\\gym\\api\\modules\\v1\\models\\home_model.js:130:51)\n    at process.processTicksAndRejections (node:internal/process/task_queues:95:5)","sql":"INSERT INTO tbl_event_calendar SET `event_id` = NULL, `name` = 'sxc', `event_start` = '2023-11-07 00:00:00', `event_end` = '2023-11-08 00:00:00'","sqlMessage":"Column 'event_id' cannot be null","sqlState":"23000","timestamp":"2023-11-29T06:42:10.342Z"}
{"code":"ER_BAD_NULL_ERROR","errno":1048,"level":"error","message":"Error: Column 'event_id' cannot be null\n    at PromisePool.query (C:\\xampp\\htdocs\\Laravel_training\\gym\\api\\node_modules\\mysql2\\promise.js:341:22)\n    at Object.add_event_calendar (C:\\xampp\\htdocs\\Laravel_training\\gym\\api\\modules\\v1\\models\\home_model.js:130:51)\n    at process.processTicksAndRejections (node:internal/process/task_queues:95:5)","sql":"INSERT INTO tbl_event_calendar SET `event_id` = NULL, `name` = 'dxc', `event_start` = '2023-11-07 00:00:00', `event_end` = '2023-11-08 00:00:00'","sqlMessage":"Column 'event_id' cannot be null","sqlState":"23000","timestamp":"2023-11-29T06:42:13.479Z"}
{"code":"ER_BAD_NULL_ERROR","errno":1048,"level":"error","message":"Error: Column 'event_id' cannot be null\n    at PromisePool.query (C:\\xampp\\htdocs\\Laravel_training\\gym\\api\\node_modules\\mysql2\\promise.js:341:22)\n    at Object.add_event_calendar (C:\\xampp\\htdocs\\Laravel_training\\gym\\api\\modules\\v1\\models\\home_model.js:130:51)\n    at process.processTicksAndRejections (node:internal/process/task_queues:95:5)","sql":"INSERT INTO tbl_event_calendar SET `event_id` = NULL, `name` = 'szx', `event_start` = '2023-11-08 00:00:00', `event_end` = '2023-11-09 00:00:00'","sqlMessage":"Column 'event_id' cannot be null","sqlState":"23000","timestamp":"2023-11-29T06:42:15.331Z"}
{"code":"ER_BAD_NULL_ERROR","errno":1048,"level":"error","message":"Error: Column 'event_id' cannot be null\n    at PromisePool.query (C:\\xampp\\htdocs\\Laravel_training\\gym\\api\\node_modules\\mysql2\\promise.js:341:22)\n    at Object.add_event_calendar (C:\\xampp\\htdocs\\Laravel_training\\gym\\api\\modules\\v1\\models\\home_model.js:130:51)\n    at process.processTicksAndRejections (node:internal/process/task_queues:95:5)","sql":"INSERT INTO tbl_event_calendar SET `event_id` = NULL, `name` = 'szx', `event_start` = '2023-11-06 00:00:00', `event_end` = '2023-11-07 00:00:00'","sqlMessage":"Column 'event_id' cannot be null","sqlState":"23000","timestamp":"2023-11-29T06:42:39.312Z"}
{"code":"ER_BAD_NULL_ERROR","errno":1048,"level":"error","message":"Error: Column 'event_id' cannot be null\n    at PromisePool.query (C:\\xampp\\htdocs\\Laravel_training\\gym\\api\\node_modules\\mysql2\\promise.js:341:22)\n    at Object.add_event_calendar (C:\\xampp\\htdocs\\Laravel_training\\gym\\api\\modules\\v1\\models\\home_model.js:130:51)\n    at process.processTicksAndRejections (node:internal/process/task_queues:95:5)","sql":"INSERT INTO tbl_event_calendar SET `event_id` = NULL, `name` = 'esw', `event_start` = '2023-11-06 00:00:00', `event_end` = '2023-11-07 00:00:00'","sqlMessage":"Column 'event_id' cannot be null","sqlState":"23000","timestamp":"2023-11-29T06:43:21.617Z"}
{"code":"ER_BAD_NULL_ERROR","errno":1048,"level":"error","message":"Error: Column 'event_id' cannot be null\n    at PromisePool.query (C:\\xampp\\htdocs\\Laravel_training\\gym\\api\\node_modules\\mysql2\\promise.js:341:22)\n    at Object.add_event_calendar (C:\\xampp\\htdocs\\Laravel_training\\gym\\api\\modules\\v1\\models\\home_model.js:130:51)\n    at process.processTicksAndRejections (node:internal/process/task_queues:95:5)","sql":"INSERT INTO tbl_event_calendar SET `event_id` = NULL, `name` = 'sd', `event_start` = '2023-11-07 00:00:00', `event_end` = '2023-11-08 00:00:00'","sqlMessage":"Column 'event_id' cannot be null","sqlState":"23000","timestamp":"2023-11-29T06:43:23.239Z"}
{"code":"ER_BAD_NULL_ERROR","errno":1048,"level":"error","message":"Error: Column 'event_id' cannot be null\n    at PromisePool.query (C:\\xampp\\htdocs\\Laravel_training\\gym\\api\\node_modules\\mysql2\\promise.js:341:22)\n    at Object.add_event_calendar (C:\\xampp\\htdocs\\Laravel_training\\gym\\api\\modules\\v1\\models\\home_model.js:130:51)\n    at process.processTicksAndRejections (node:internal/process/task_queues:95:5)","sql":"INSERT INTO tbl_event_calendar SET `event_id` = NULL, `name` = 'aZx', `event_start` = '2023-11-06 00:00:00', `event_end` = '2023-11-07 00:00:00'","sqlMessage":"Column 'event_id' cannot be null","sqlState":"23000","timestamp":"2023-11-29T06:43:44.588Z"}
{"code":"ER_PARSE_ERROR","errno":1064,"level":"error","message":"Error: You have an error in your SQL syntax; check the manual that corresponds to your MariaDB server version for the right syntax to use near '2023-11-14 00:00:00' AND event_end = '2023-11-15 00:00:00' AND is_active = 1' at line 1\n    at PromisePool.query (C:\\xampp\\htdocs\\Laravel_training\\gym\\api\\node_modules\\mysql2\\promise.js:341:22)\n    at Object.add_event_calendar (C:\\xampp\\htdocs\\Laravel_training\\gym\\api\\modules\\v1\\models\\home_model.js:125:47)\n    at exports.add_event_calendar (C:\\xampp\\htdocs\\Laravel_training\\gym\\api\\modules\\v1\\controller\\home_controllers.js:69:27)\n    at process.processTicksAndRejections (node:internal/process/task_queues:95:5)","sql":"SELECT * FROM tbl_event_calendar WHERE name = 'aszx'' AND event_start = '2023-11-14 00:00:00' AND event_end = '2023-11-15 00:00:00' AND is_active = 1","sqlMessage":"You have an error in your SQL syntax; check the manual that corresponds to your MariaDB server version for the right syntax to use near '2023-11-14 00:00:00' AND event_end = '2023-11-15 00:00:00' AND is_active = 1' at line 1","sqlState":"42000","timestamp":"2023-11-29T07:32:50.180Z"}
{"code":"ER_PARSE_ERROR","errno":1064,"level":"error","message":"Error: You have an error in your SQL syntax; check the manual that corresponds to your MariaDB server version for the right syntax to use near 'l' AND event_start = '2023-11-08 00:00:00' AND event_end = '2023-11-09 00:00:...' at line 1\n    at PromisePool.query (C:\\xampp\\htdocs\\Laravel_training\\gym\\api\\node_modules\\mysql2\\promise.js:341:22)\n    at Object.add_event_calendar (C:\\xampp\\htdocs\\Laravel_training\\gym\\api\\modules\\v1\\models\\home_model.js:125:47)\n    at exports.add_event_calendar (C:\\xampp\\htdocs\\Laravel_training\\gym\\api\\modules\\v1\\controller\\home_controllers.js:69:27)\n    at process.processTicksAndRejections (node:internal/process/task_queues:95:5)","sql":"SELECT * FROM tbl_event_calendar WHERE name = 'l'l' AND event_start = '2023-11-08 00:00:00' AND event_end = '2023-11-09 00:00:00' AND is_active = 1","sqlMessage":"You have an error in your SQL syntax; check the manual that corresponds to your MariaDB server version for the right syntax to use near 'l' AND event_start = '2023-11-08 00:00:00' AND event_end = '2023-11-09 00:00:...' at line 1","sqlState":"42000","timestamp":"2023-11-29T07:32:53.619Z"}
{"code":"ER_PARSE_ERROR","errno":1064,"level":"error","message":"Error: You have an error in your SQL syntax; check the manual that corresponds to your MariaDB server version for the right syntax to use near '2023-11-21 00:00:00' AND event_end = '2023-11-22 00:00:00' AND is_active = 1' at line 1\n    at PromisePool.query (C:\\xampp\\htdocs\\Laravel_training\\gym\\api\\node_modules\\mysql2\\promise.js:341:22)\n    at Object.add_event_calendar (C:\\xampp\\htdocs\\Laravel_training\\gym\\api\\modules\\v1\\models\\home_model.js:125:47)\n    at exports.add_event_calendar (C:\\xampp\\htdocs\\Laravel_training\\gym\\api\\modules\\v1\\controller\\home_controllers.js:69:27)\n    at process.processTicksAndRejections (node:internal/process/task_queues:95:5)","sql":"SELECT * FROM tbl_event_calendar WHERE name = 'sazjhj;'' AND event_start = '2023-11-21 00:00:00' AND event_end = '2023-11-22 00:00:00' AND is_active = 1","sqlMessage":"You have an error in your SQL syntax; check the manual that corresponds to your MariaDB server version for the right syntax to use near '2023-11-21 00:00:00' AND event_end = '2023-11-22 00:00:00' AND is_active = 1' at line 1","sqlState":"42000","timestamp":"2023-11-29T08:27:17.234Z"}
{"level":"error","message":"The event name field is required.","timestamp":"2023-11-29T08:27:23.076Z"}
{"level":"error","message":"The id field is required.","timestamp":"2023-11-29T09:10:55.351Z"}
{"level":"error","message":"The id field is required.","timestamp":"2023-11-29T09:11:20.794Z"}
{"level":"error","message":"The id field is required.","timestamp":"2023-11-29T09:14:46.341Z"}
{"level":"error","timestamp":"2023-11-29T09:35:54.558Z"}
{"level":"error","message":"The id field is required.","timestamp":"2023-11-29T09:53:09.781Z"}
{"level":"error","message":"The event name field is required.","timestamp":"2023-11-29T09:53:37.747Z"}
{"level":"error","message":"The id field is required.","timestamp":"2023-11-29T09:53:41.074Z"}
{"level":"error","message":"The id field is required.","timestamp":"2023-11-29T09:54:29.354Z"}
{"level":"error","message":"The id field is required.","timestamp":"2023-11-29T09:55:36.319Z"}
{"code":"ER_PARSE_ERROR","errno":1064,"level":"error","message":"Error: You have an error in your SQL syntax; check the manual that corresponds to your MariaDB server version for the right syntax to use near 'sx' AND event_start = '2023-11-17 00:00:00' AND event_end = '2023-11-18 00:00...' at line 1\n    at PromisePool.query (C:\\xampp\\htdocs\\Laravel_training\\gym\\api\\node_modules\\mysql2\\promise.js:341:22)\n    at Object.add_event_calendar (C:\\xampp\\htdocs\\Laravel_training\\gym\\api\\modules\\v1\\models\\home_model.js:124:47)\n    at exports.add_event_calendar (C:\\xampp\\htdocs\\Laravel_training\\gym\\api\\modules\\v1\\controller\\home_controllers.js:69:27)\n    at process.processTicksAndRejections (node:internal/process/task_queues:95:5)","sql":"SELECT * FROM tbl_event_calendar WHERE name = ''sx' AND event_start = '2023-11-17 00:00:00' AND event_end = '2023-11-18 00:00:00' AND is_active = 1","sqlMessage":"You have an error in your SQL syntax; check the manual that corresponds to your MariaDB server version for the right syntax to use near 'sx' AND event_start = '2023-11-17 00:00:00' AND event_end = '2023-11-18 00:00...' at line 1","sqlState":"42000","timestamp":"2023-11-29T10:45:30.179Z"}
{"code":"ER_PARSE_ERROR","errno":1064,"level":"error","message":"Error: You have an error in your SQL syntax; check the manual that corresponds to your MariaDB server version for the right syntax to use near '2023-11-15 00:00:00' AND event_end = '2023-11-16 00:00:00' AND is_active = 1' at line 1\n    at PromisePool.query (C:\\xampp\\htdocs\\Laravel_training\\gym\\api\\node_modules\\mysql2\\promise.js:341:22)\n    at Object.add_event_calendar (C:\\xampp\\htdocs\\Laravel_training\\gym\\api\\modules\\v1\\models\\home_model.js:124:47)\n    at exports.add_event_calendar (C:\\xampp\\htdocs\\Laravel_training\\gym\\api\\modules\\v1\\controller\\home_controllers.js:69:27)\n    at process.processTicksAndRejections (node:internal/process/task_queues:95:5)","sql":"SELECT * FROM tbl_event_calendar WHERE name = 'Zxc'' AND event_start = '2023-11-15 00:00:00' AND event_end = '2023-11-16 00:00:00' AND is_active = 1","sqlMessage":"You have an error in your SQL syntax; check the manual that corresponds to your MariaDB server version for the right syntax to use near '2023-11-15 00:00:00' AND event_end = '2023-11-16 00:00:00' AND is_active = 1' at line 1","sqlState":"42000","timestamp":"2023-11-29T10:47:01.914Z"}
{"code":"ER_PARSE_ERROR","errno":1064,"level":"error","message":"Error: You have an error in your SQL syntax; check the manual that corresponds to your MariaDB server version for the right syntax to use near '2023-11-16 00:00:00' AND event_end = '2023-11-17 00:00:00' AND is_active = 1' at line 1\n    at PromisePool.query (C:\\xampp\\htdocs\\Laravel_training\\gym\\api\\node_modules\\mysql2\\promise.js:341:22)\n    at Object.add_event_calendar (C:\\xampp\\htdocs\\Laravel_training\\gym\\api\\modules\\v1\\models\\home_model.js:124:47)\n    at exports.add_event_calendar (C:\\xampp\\htdocs\\Laravel_training\\gym\\api\\modules\\v1\\controller\\home_controllers.js:69:27)\n    at process.processTicksAndRejections (node:internal/process/task_queues:95:5)","sql":"SELECT * FROM tbl_event_calendar WHERE name = 'SEXIKLHJK'' AND event_start = '2023-11-16 00:00:00' AND event_end = '2023-11-17 00:00:00' AND is_active = 1","sqlMessage":"You have an error in your SQL syntax; check the manual that corresponds to your MariaDB server version for the right syntax to use near '2023-11-16 00:00:00' AND event_end = '2023-11-17 00:00:00' AND is_active = 1' at line 1","sqlState":"42000","timestamp":"2023-11-30T09:38:27.847Z"}
{"level":"error","message":"The event name field is required.","timestamp":"2023-11-30T09:38:33.909Z"}
{"level":"error","message":"The event name field is required.","timestamp":"2023-11-30T09:38:38.128Z"}
{"level":"error","message":"The event name field is required.","timestamp":"2023-11-30T09:39:03.304Z"}
{"level":"error","message":"The event name field is required.","timestamp":"2023-11-30T09:39:06.601Z"}
{"level":"error","message":"The event name field is required.","timestamp":"2023-11-30T09:39:11.592Z"}
{"level":"error","message":"The event name field is required.","timestamp":"2023-11-30T09:39:16.810Z"}
{"level":"error","message":"The event name field is required.","timestamp":"2023-11-30T09:40:07.256Z"}
{"level":"error","message":"The event name field is required.","timestamp":"2023-11-30T09:40:12.235Z"}
{"level":"error","message":"The event name field is required.","timestamp":"2023-11-30T09:40:40.315Z"}
{"level":"error","message":"The event name field is required.","timestamp":"2023-11-30T09:41:33.136Z"}
{"level":"error","message":"The event name field is required.","timestamp":"2023-11-30T09:42:59.411Z"}
{"level":"error","message":"The event name field is required.","timestamp":"2023-11-30T09:43:02.887Z"}
{"level":"error","message":"The event name field is required.","timestamp":"2023-11-30T09:43:20.127Z"}
{"level":"error","message":"The event name field is required.","timestamp":"2023-11-30T09:43:47.500Z"}
{"level":"error","message":"The event name field is required.","timestamp":"2023-11-30T09:53:58.059Z"}
{"level":"error","timestamp":"2023-11-30T11:17:39.774Z"}
{"level":"error","timestamp":"2023-11-30T11:17:42.595Z"}
{"level":"error","timestamp":"2023-11-30T11:17:45.004Z"}
{"level":"error","timestamp":"2023-11-30T11:17:50.260Z"}
{"level":"error","timestamp":"2023-11-30T11:17:53.950Z"}
{"level":"error","timestamp":"2023-11-30T11:17:56.618Z"}
{"code":"ER_PARSE_ERROR","errno":1064,"level":"error","message":"Error: You have an error in your SQL syntax; check the manual that corresponds to your MariaDB server version for the right syntax to use near 'WHERE id = '1'' at line 1\n    at PromisePool.query (C:\\xampp\\htdocs\\Laravel_training\\gym\\api\\node_modules\\mysql2\\promise.js:341:22)\n    at Object.team_details (C:\\xampp\\htdocs\\Laravel_training\\gym\\api\\modules\\v1\\models\\home_model.js:30:51)\n    at exports.team_details (C:\\xampp\\htdocs\\Laravel_training\\gym\\api\\modules\\v1\\controller\\home_controllers.js:18:27)\n    at process.processTicksAndRejections (node:internal/process/task_queues:95:5)","sql":"SElECT * FROM tbl_team Where is_active = \"1\" WHERE id = '1'","sqlMessage":"You have an error in your SQL syntax; check the manual that corresponds to your MariaDB server version for the right syntax to use near 'WHERE id = '1'' at line 1","sqlState":"42000","timestamp":"2023-12-04T06:49:40.623Z"}
{"code":"ER_PARSE_ERROR","errno":1064,"level":"error","message":"Error: You have an error in your SQL syntax; check the manual that corresponds to your MariaDB server version for the right syntax to use near 'WHERE id = '1'' at line 1\n    at PromisePool.query (C:\\xampp\\htdocs\\Laravel_training\\gym\\api\\node_modules\\mysql2\\promise.js:341:22)\n    at Object.team_details (C:\\xampp\\htdocs\\Laravel_training\\gym\\api\\modules\\v1\\models\\home_model.js:30:51)\n    at exports.team_details (C:\\xampp\\htdocs\\Laravel_training\\gym\\api\\modules\\v1\\controller\\home_controllers.js:18:27)\n    at process.processTicksAndRejections (node:internal/process/task_queues:95:5)","sql":"SElECT * FROM tbl_team Where is_active = \"1\" WHERE id = '1' ","sqlMessage":"You have an error in your SQL syntax; check the manual that corresponds to your MariaDB server version for the right syntax to use near 'WHERE id = '1'' at line 1","sqlState":"42000","timestamp":"2023-12-04T06:50:07.274Z"}
{"code":"ER_PARSE_ERROR","errno":1064,"level":"error","message":"Error: You have an error in your SQL syntax; check the manual that corresponds to your MariaDB server version for the right syntax to use near 'WHERE id = 1' at line 1\n    at PromisePool.query (C:\\xampp\\htdocs\\Laravel_training\\gym\\api\\node_modules\\mysql2\\promise.js:341:22)\n    at Object.team_details (C:\\xampp\\htdocs\\Laravel_training\\gym\\api\\modules\\v1\\models\\home_model.js:30:51)\n    at exports.team_details (C:\\xampp\\htdocs\\Laravel_training\\gym\\api\\modules\\v1\\controller\\home_controllers.js:18:27)\n    at process.processTicksAndRejections (node:internal/process/task_queues:95:5)","sql":"SElECT * FROM tbl_team Where is_active = \"1\" WHERE id = 1 ","sqlMessage":"You have an error in your SQL syntax; check the manual that corresponds to your MariaDB server version for the right syntax to use near 'WHERE id = 1' at line 1","sqlState":"42000","timestamp":"2023-12-04T06:50:16.379Z"}
{"code":"ER_PARSE_ERROR","errno":1064,"level":"error","message":"Error: You have an error in your SQL syntax; check the manual that corresponds to your MariaDB server version for the right syntax to use near 'WHERE id = 1' at line 1\n    at PromisePool.query (C:\\xampp\\htdocs\\Laravel_training\\gym\\api\\node_modules\\mysql2\\promise.js:341:22)\n    at Object.team_details (C:\\xampp\\htdocs\\Laravel_training\\gym\\api\\modules\\v1\\models\\home_model.js:31:51)\n    at exports.team_details (C:\\xampp\\htdocs\\Laravel_training\\gym\\api\\modules\\v1\\controller\\home_controllers.js:18:27)\n    at process.processTicksAndRejections (node:internal/process/task_queues:95:5)","sql":"SElECT * FROM tbl_team Where is_active = \"1\" WHERE id = 1 ","sqlMessage":"You have an error in your SQL syntax; check the manual that corresponds to your MariaDB server version for the right syntax to use near 'WHERE id = 1' at line 1","sqlState":"42000","timestamp":"2023-12-04T06:50:27.636Z"}
{"code":"ER_PARSE_ERROR","errno":1064,"level":"error","message":"Error: You have an error in your SQL syntax; check the manual that corresponds to your MariaDB server version for the right syntax to use near 'WHERE id = 1' at line 1\n    at PromisePool.query (C:\\xampp\\htdocs\\Laravel_training\\gym\\api\\node_modules\\mysql2\\promise.js:341:22)\n    at Object.team_details (C:\\xampp\\htdocs\\Laravel_training\\gym\\api\\modules\\v1\\models\\home_model.js:32:51)\n    at exports.team_details (C:\\xampp\\htdocs\\Laravel_training\\gym\\api\\modules\\v1\\controller\\home_controllers.js:18:27)\n    at process.processTicksAndRejections (node:internal/process/task_queues:95:5)","sql":"SElECT * FROM tbl_team Where is_active = \"1\" WHERE id = 1 ","sqlMessage":"You have an error in your SQL syntax; check the manual that corresponds to your MariaDB server version for the right syntax to use near 'WHERE id = 1' at line 1","sqlState":"42000","timestamp":"2023-12-04T06:50:56.381Z"}
{"level":"error","message":"The email must be a valid email address.","timestamp":"2023-12-04T09:42:20.534Z"}
